<?xml version="1.0" encoding="UTF-8"?>
<!-- Generated by org.testng.reporters.JUnitReportReporter -->
<testsuite skipped="0" hostname="Tapomay" name="edurekaProject.NewTest" tests="1" failures="0" timestamp="2019-08-26T17:52:34 EDT" time="12.220" errors="0">
  <testcase name="verifyTitle" time="12.220" classname="edurekaProject.NewTest"/>
</testsuite> <!-- edurekaProject.NewTest -->
